<?xml version="1.0" encoding="UTF-8"?>
<testng-results skipped="0" failed="0" ignored="0" total="1" passed="1">
  <reporter-output>
  </reporter-output>
  <suite name="cucumber practice test" duration-ms="10687" started-at="2023-06-26T08:05:49 IST" finished-at="2023-06-26T08:06:00 IST">
    <groups>
      <group name="cucumber">
        <method signature="AbstractTestNGCucumberTests.runScenario(io.cucumber.testng.PickleWrapper,io.cucumber.testng.FeatureWrapper)[pri:0, instance:com.practice.runner.TestRunner@2a40cd94]" name="runScenario" class="io.cucumber.testng.AbstractTestNGCucumberTests"/>
      </group> <!-- cucumber -->
    </groups>
    <test name="Patient Registration Test" duration-ms="10687" started-at="2023-06-26T08:05:49 IST" finished-at="2023-06-26T08:06:00 IST">
      <class name="com.practice.runner.TestRunner">
        <test-method status="PASS" signature="setUpClass(org.testng.ITestContext)[pri:0, instance:com.practice.runner.TestRunner@2a40cd94]" name="setUpClass" is-config="true" duration-ms="458" started-at="2023-06-26T08:05:49 IST" finished-at="2023-06-26T08:05:50 IST">
          <params>
            <param index="0">
              <value>
                <![CDATA[org.testng.TestRunner@147a5d08]]>
              </value>
            </param>
          </params>
          <reporter-output>
          </reporter-output>
        </test-method> <!-- setUpClass -->
        <test-method status="PASS" signature="runScenario(io.cucumber.testng.PickleWrapper,io.cucumber.testng.FeatureWrapper)[pri:0, instance:com.practice.runner.TestRunner@2a40cd94]" name="runScenario" duration-ms="10145" started-at="2023-06-26T08:05:50 IST" description="Runs Cucumber Scenarios" data-provider="scenarios" finished-at="2023-06-26T08:06:00 IST">
          <params>
            <param index="0">
              <value>
                <![CDATA["Successfully login a new user after registration"]]>
              </value>
            </param>
            <param index="1">
              <value>
                <![CDATA["Patient registration functionality for new Patient"]]>
              </value>
            </param>
          </params>
          <reporter-output>
          </reporter-output>
        </test-method> <!-- runScenario -->
        <test-method status="PASS" signature="tearDownClass()[pri:0, instance:com.practice.runner.TestRunner@2a40cd94]" name="tearDownClass" is-config="true" duration-ms="52" started-at="2023-06-26T08:06:00 IST" finished-at="2023-06-26T08:06:00 IST">
          <reporter-output>
          </reporter-output>
        </test-method> <!-- tearDownClass -->
      </class> <!-- com.practice.runner.TestRunner -->
    </test> <!-- Patient Registration Test -->
  </suite> <!-- cucumber practice test -->
</testng-results>
