<?xml version="1.0" encoding="UTF-8"?>
<!-- Generated by org.testng.reporters.JUnitReportReporter -->
<testsuite skipped="0" hostname="krishnaN-L" name="com.practice.runner.TestRunner" tests="2" failures="1" timestamp="2023-06-26T12:37:37 IST" time="12.604" errors="0">
  <testcase name="runScenario" time="9.708" classname="com.practice.runner.TestRunner"/>
  <system-out/>
  <testcase name="runScenario" time="2.896" classname="com.practice.runner.TestRunner">
    <failure type="java.lang.AssertionError" message="expected [You have logged in successfully!] but found [Invalid! You need to register yourself before login!]">
      <![CDATA[java.lang.AssertionError: expected [You have logged in successfully!] but found [Invalid! You need to register yourself before login!]
at org.testng.Assert.fail(Assert.java:110)
at org.testng.Assert.failNotEquals(Assert.java:1413)
at org.testng.Assert.assertEqualsImpl(Assert.java:149)
at org.testng.Assert.assertEquals(Assert.java:131)
at org.testng.Assert.assertEquals(Assert.java:655)
at org.testng.Assert.assertEquals(Assert.java:665)
at com.practice.stepdefs.PatientLoginStepDef.patient_should_be_logged_in_successfully_with_message(PatientLoginStepDef.java:59)
at ✽.Patient should be logged in successfully with message "You have logged in successfully!"(file:///home/krishna/framework/framework/cucumberTestDemoFramework/src/test/resources/features/patientLogin.feature:11)
]]>
    </failure>
  </testcase> <!-- runScenario -->
  <system-out/>
</testsuite> <!-- com.practice.runner.TestRunner -->
